<?xml version="1.0" encoding="UTF-8"?>
<testng-results ignored="0" total="2" passed="2" failed="0" skipped="0">
  <reporter-output>
  </reporter-output>
  <suite started-at="2024-09-01T03:45:47 IST" name="Suite" finished-at="2024-09-01T03:46:24 IST" duration-ms="37131">
    <groups>
      <group name="Sanity">
        <method signature="HomePageTest.verifyHomePageTitle()[pri:0, instance:testScripts.HomePageTest@3e84448c]" name="verifyHomePageTitle" class="testScripts.HomePageTest"/>
      </group> <!-- Sanity -->
      <group name="Smoke">
        <method signature="HomePageTest.verifyCommunityPollSelection()[pri:0, instance:testScripts.HomePageTest@3e84448c]" name="verifyCommunityPollSelection" class="testScripts.HomePageTest"/>
      </group> <!-- Smoke -->
    </groups>
    <test started-at="2024-09-01T03:45:47 IST" name="Test" finished-at="2024-09-01T03:46:24 IST" duration-ms="37131">
      <class name="testScripts.HomePageTest">
        <test-method is-config="true" signature="setBrowser(java.lang.String)[pri:0, instance:testScripts.HomePageTest@3e84448c]" started-at="2024-09-01T03:45:47 IST" name="setBrowser" finished-at="2024-09-01T03:46:02 IST" duration-ms="15224" status="PASS">
          <params>
            <param index="0">
              <value>
                <![CDATA[Chrome]]>
              </value>
            </param>
          </params>
          <reporter-output>
          </reporter-output>
        </test-method> <!-- setBrowser -->
        <test-method signature="verifyCommunityPollSelection()[pri:0, instance:testScripts.HomePageTest@3e84448c]" started-at="2024-09-01T03:46:02 IST" name="verifyCommunityPollSelection" finished-at="2024-09-01T03:46:10 IST" duration-ms="8091" status="PASS">
          <reporter-output>
          </reporter-output>
        </test-method> <!-- verifyCommunityPollSelection -->
        <test-method is-config="true" signature="closeBrowser(org.testng.ITestResult)[pri:0, instance:testScripts.HomePageTest@3e84448c]" started-at="2024-09-01T03:46:10 IST" name="closeBrowser" finished-at="2024-09-01T03:46:11 IST" duration-ms="267" status="PASS">
          <params>
            <param index="0">
              <value>
                <![CDATA[[TestResult name=verifyCommunityPollSelection status=SUCCESS method=HomePageTest.verifyCommunityPollSelection()[pri:0, instance:testScripts.HomePageTest@3e84448c] output={null}]]]>
              </value>
            </param>
          </params>
          <reporter-output>
          </reporter-output>
        </test-method> <!-- closeBrowser -->
        <test-method is-config="true" signature="setBrowser(java.lang.String)[pri:0, instance:testScripts.HomePageTest@3e84448c]" started-at="2024-09-01T03:46:11 IST" name="setBrowser" finished-at="2024-09-01T03:46:15 IST" duration-ms="4115" status="PASS">
          <params>
            <param index="0">
              <value>
                <![CDATA[Chrome]]>
              </value>
            </param>
          </params>
          <reporter-output>
          </reporter-output>
        </test-method> <!-- setBrowser -->
        <test-method signature="verifyHomePageTitle()[pri:0, instance:testScripts.HomePageTest@3e84448c]" started-at="2024-09-01T03:46:15 IST" name="verifyHomePageTitle" finished-at="2024-09-01T03:46:23 IST" duration-ms="8378" status="PASS">
          <reporter-output>
          </reporter-output>
        </test-method> <!-- verifyHomePageTitle -->
        <test-method is-config="true" signature="closeBrowser(org.testng.ITestResult)[pri:0, instance:testScripts.HomePageTest@3e84448c]" started-at="2024-09-01T03:46:23 IST" name="closeBrowser" finished-at="2024-09-01T03:46:24 IST" duration-ms="771" status="PASS">
          <params>
            <param index="0">
              <value>
                <![CDATA[[TestResult name=verifyHomePageTitle status=SUCCESS method=HomePageTest.verifyHomePageTitle()[pri:0, instance:testScripts.HomePageTest@3e84448c] output={null}]]]>
              </value>
            </param>
          </params>
          <reporter-output>
          </reporter-output>
        </test-method> <!-- closeBrowser -->
      </class> <!-- testScripts.HomePageTest -->
    </test> <!-- Test -->
  </suite> <!-- Suite -->
</testng-results>
