<?xml version="1.0" encoding="UTF-8"?>
<!-- Generated by org.testng.reporters.JUnitXMLReporter -->
<testsuite ignored="1" hostname="DESKTOP-93K3C4K" failures="0" tests="1" name="ChromeTest" time="23.327" errors="0" timestamp="2024-08-19T01:13:17 IST">
  <testcase classname="testScripts.HomePageTest" name="verifyHomePageTitle" time="11.754"/>
  <testcase classname="testScripts.HomePageTest" name="verifyCommunityPollSelection" time="0.0">
    <ignored/>
  </testcase> <!-- verifyCommunityPollSelection -->
</testsuite> <!-- ChromeTest -->
