<?xml version="1.0" encoding="UTF-8"?>
<!-- Generated by org.testng.reporters.JUnitXMLReporter -->
<testsuite ignored="0" hostname="DESKTOP-93K3C4K" failures="0" tests="4" name="EdgeTest" time="76.735" errors="0" timestamp="2024-08-19T01:14:34 IST">
  <testcase classname="testScripts.LoginPageTest" name="userLoginWithVAlidCredentials" time="14.323"/>
  <testcase classname="testScripts.LoginPageTest" name="userLoginWithinvalidCredentials" time="9.184"/>
  <testcase classname="testScripts.LoginPageTest" name="userLoginWithinvalidCredentials" time="8.523"/>
  <testcase classname="testScripts.LoginPageTest" name="userLoginWithinvalidCredentials" time="9.355"/>
</testsuite> <!-- EdgeTest -->
