<?xml version="1.0" encoding="UTF-8"?>
<!-- Generated by org.testng.reporters.JUnitXMLReporter -->
<testsuite ignored="1" hostname="DESKTOP-93K3C4K" failures="0" tests="1" name="HomePageTest" time="76.297" errors="0" timestamp="2024-08-20T18:29:16 IST">
  <testcase classname="testScripts.HomePageTest" name="verifyHomePageTitle" time="13.031"/>
  <testcase classname="testScripts.HomePageTest" name="verifyCommunityPollSelection" time="0.0">
    <ignored/>
  </testcase> <!-- verifyCommunityPollSelection -->
</testsuite> <!-- HomePageTest -->
