<?xml version="1.0" encoding="UTF-8"?>
<!-- Generated by org.testng.reporters.JUnitXMLReporter -->
<testsuite ignored="0" hostname="DESKTOP-93K3C4K" failures="0" tests="4" name="LoginPageTest" time="139.746" errors="0" timestamp="2024-08-20T18:30:19 IST">
  <testcase classname="testScripts.LoginPageTest" name="userLoginWithVAlidCredentials" time="32.628"/>
  <testcase classname="testScripts.LoginPageTest" name="userLoginWithinvalidCredentials" time="8.688"/>
  <testcase classname="testScripts.LoginPageTest" name="userLoginWithinvalidCredentials" time="9.927"/>
  <testcase classname="testScripts.LoginPageTest" name="userLoginWithinvalidCredentials" time="9.467"/>
</testsuite> <!-- LoginPageTest -->
